c:\ws\mlearning\icontrols\debug\pch.pch
c:\ws\mlearning\icontrols\debug\vc120.pdb
c:\ws\mlearning\icontrols\debug\vc120.idb
c:\ws\mlearning\icontrols\debug\pch.obj
c:\ws\mlearning\icontrols\debug\chapterdatasource.obj
c:\ws\mlearning\icontrols\debug\igrouplist.obj
c:\ws\mlearning\icontrols\debug\bookdatasource.obj
c:\ws\mlearning\icontrols\debug\istackitem.obj
c:\ws\mlearning\icontrols\debug\bindablebase.obj
c:\ws\mlearning\icontrols\debug\istacklist.obj
c:\ws\mlearning\icontrols\debug\sectiondatasource.obj
c:\ws\mlearning\icontrols\debug\verticalpagedscroll.obj
c:\ws\mlearning\icontrols\debug\controldownmenu.obj
c:\ws\mlearning\icontrols\debug\pagedatasource.obj
c:\ws\mlearning\icontrols\debug\verticalelement.obj
c:\ws\mlearning\icontrols\debug\controldownelement.obj
c:\ws\mlearning\icontrols\debug\chapterheadercontrol.obj
c:\ws\mlearning\icontrols\debug\istackview.obj
c:\ws\mlearning\debug\icontrols\icontrols.winmd
c:\ws\mlearning\debug\icontrols\icontrols.lib
c:\ws\mlearning\debug\icontrols\icontrols.exp
c:\ws\mlearning\icontrols\debug\icontrols.vcxprojresolveassemblyreference.cache
c:\ws\mlearning\icontrols\debug\priconfig.xml
c:\ws\mlearning\icontrols\debug\priconfig.xml.intermediate
c:\ws\mlearning\icontrols\debug\layout.resfiles
c:\ws\mlearning\icontrols\debug\layout.resfiles.intermediate
c:\ws\mlearning\icontrols\debug\resources.resfiles
c:\ws\mlearning\icontrols\debug\resources.resfiles.intermediate
c:\ws\mlearning\icontrols\debug\pri.resfiles
c:\ws\mlearning\icontrols\debug\pri.resfiles.intermediate
c:\ws\mlearning\debug\icontrols\icontrols.pri
c:\ws\mlearning\icontrols\debug\qualifiers.txt
c:\ws\mlearning\icontrols\debug\qualifiers.txt.intermediate
c:\ws\mlearning\icontrols\debug\multiplequalifiersperdimensionfound.txt
c:\ws\mlearning\debug\icontrols\icontrols.ilk
c:\ws\mlearning\debug\icontrols\icontrols.dll
c:\ws\mlearning\debug\icontrols\icontrols.pdb
c:\ws\mlearning\icontrols\debug\icontrols.tlog\cl.command.1.tlog
c:\ws\mlearning\icontrols\debug\icontrols.tlog\cl.read.1.tlog
c:\ws\mlearning\icontrols\debug\icontrols.tlog\cl.write.1.tlog
c:\ws\mlearning\icontrols\debug\icontrols.tlog\icontrols.read.1u.tlog
c:\ws\mlearning\icontrols\debug\icontrols.tlog\icontrols.write.1u.tlog
c:\ws\mlearning\icontrols\debug\icontrols.tlog\link.command.1.tlog
c:\ws\mlearning\icontrols\debug\icontrols.tlog\link.read.1.tlog
c:\ws\mlearning\icontrols\debug\icontrols.tlog\link.write.1.tlog
