Build started 10/12/2014 04:37:44 p.m..
     1>Project "C:\ws\MLearning\IControls\IControls.vcxproj" on node 3 (Rebuild target(s)).
     1>ClCompile:
         C:\Program Files (x86)\Microsoft Visual Studio 12.0\VC\bin\CL.exe /c /IC:\ws\MLearning\IControls\ /I"Generated Files\\" /IDebug\ /ZI /ZW /ZW:nostdlib /nologo /W3 /WX- /sdl /MP /Od /Oy- /D _WINRT_DLL /D _WINDLL /D _UNICODE /D UNICODE /D _DEBUG /D WINAPI_FAMILY=WINAPI_FAMILY_APP /Gm- /EHsc /RTC1 /MDd /GS /fp:precise /Zc:wchar_t /Zc:forScope /Yc"pch.h" /Fp"Debug\pch.pch" /Fo"Debug\\" /Fd"Debug\vc120.pdb" /Gd /TP /wd28204 /FU"C:\Program Files (x86)\Microsoft SDKs\Windows\v8.1\ExtensionSDKs\Microsoft.VCLibs\12.0\References\CommonConfiguration\neutral\platform.winmd" /FU"C:\Program Files (x86)\Windows Kits\8.1\References\CommonConfiguration\Neutral\Windows.winmd" /FU"C:\Program Files (x86)\Windows Kits\8.1\References\CommonConfiguration\Neutral\Windows.winmd" /analyze- /errorReport:prompt /bigobj pch.cpp
         pch.cpp
     1>c:\ws\mlearning\icontrols\datasource\pagedatasource.h(36): warning C4453: 'Windows::UI::Xaml::Media::Imaging::BitmapImage' : A '[WebHostHidden]' type should not be used on the published surface of a public type that is not '[WebHostHidden]'
     1>c:\ws\mlearning\icontrols\datasource\pagedatasource.h(42): warning C4453: 'Windows::UI::Xaml::Media::Imaging::BitmapImage' : A '[WebHostHidden]' type should not be used on the published surface of a public type that is not '[WebHostHidden]'
     1>c:\ws\mlearning\icontrols\datasource\chapterdatasource.h(60): warning C4453: 'Windows::UI::Xaml::Media::Imaging::BitmapImage' : A '[WebHostHidden]' type should not be used on the published surface of a public type that is not '[WebHostHidden]'
     1>c:\ws\mlearning\icontrols\datasource\chapterdatasource.h(66): warning C4453: 'Windows::UI::Xaml::Media::Imaging::BitmapImage' : A '[WebHostHidden]' type should not be used on the published surface of a public type that is not '[WebHostHidden]'
     1>c:\ws\mlearning\icontrols\stackview\istackitem.h(122): warning C4453: 'Windows::UI::Xaml::Media::CompositeTransform' : A '[WebHostHidden]' type should not be used on the published surface of a public type that is not '[WebHostHidden]'
     1>c:\ws\mlearning\icontrols\stackview\istackitem.h(123): warning C4453: 'Windows::UI::Xaml::Media::CompositeTransform' : A '[WebHostHidden]' type should not be used on the published surface of a public type that is not '[WebHostHidden]'
     1>c:\ws\mlearning\icontrols\reader\verticalelement.h(12): warning C4453: 'Windows::UI::Xaml::Data::PropertyChangedEventHandler' : A '[WebHostHidden]' type should not be used on the published surface of a public type that is not '[WebHostHidden]'
     1>c:\ws\mlearning\icontrols\reader\verticalpagedscroll.h(12): warning C4453: 'Windows::UI::Xaml::Data::PropertyChangedEventHandler' : A '[WebHostHidden]' type should not be used on the published surface of a public type that is not '[WebHostHidden]'
         C:\Program Files (x86)\Microsoft Visual Studio 12.0\VC\bin\CL.exe /c /IC:\ws\MLearning\IControls\ /I"Generated Files\\" /IDebug\ /ZI /ZW /ZW:nostdlib /nologo /W3 /WX- /sdl /MP /Od /Oy- /D _WINRT_DLL /D _WINDLL /D _UNICODE /D UNICODE /D _DEBUG /D WINAPI_FAMILY=WINAPI_FAMILY_APP /Gm- /EHsc /RTC1 /MDd /GS /fp:precise /Zc:wchar_t /Zc:forScope /Yu"pch.h" /Fp"Debug\pch.pch" /Fo"Debug\\" /Fd"Debug\vc120.pdb" /Gd /TP /wd28204 /FU"C:\Program Files (x86)\Microsoft SDKs\Windows\v8.1\ExtensionSDKs\Microsoft.VCLibs\12.0\References\CommonConfiguration\neutral\platform.winmd" /FU"C:\Program Files (x86)\Windows Kits\8.1\References\CommonConfiguration\Neutral\Windows.winmd" /FU"C:\Program Files (x86)\Windows Kits\8.1\References\CommonConfiguration\Neutral\Windows.winmd" /analyze- /errorReport:prompt /bigobj Components\ChapterHeaderControl.cpp Components\ControlDownElement.cpp Components\ControlDownMenu.cpp DataSource\BindableBase.cpp DataSource\BookDataSource.cpp DataSource\ChapterDataSource.cpp DataSource\PageDataSource.cpp DataSource\SectionDataSource.cpp Reader\VerticalElement.cpp Reader\VerticalPagedScroll.cpp StackView\IGroupList.cpp StackView\IStackItem.cpp StackView\IStackList.cpp StackView\IStackView.cpp
         ChapterHeaderControl.cpp
         ControlDownElement.cpp
         ControlDownMenu.cpp
         BindableBase.cpp
         BookDataSource.cpp
         ChapterDataSource.cpp
         PageDataSource.cpp
         SectionDataSource.cpp
     1>c:\ws\mlearning\icontrols\datasource\pagedatasource.h(36): warning C4453: 'Windows::UI::Xaml::Media::Imaging::BitmapImage' : A '[WebHostHidden]' type should not be used on the published surface of a public type that is not '[WebHostHidden]' (DataSource\PageDataSource.cpp)
     1>c:\ws\mlearning\icontrols\datasource\pagedatasource.h(42): warning C4453: 'Windows::UI::Xaml::Media::Imaging::BitmapImage' : A '[WebHostHidden]' type should not be used on the published surface of a public type that is not '[WebHostHidden]' (DataSource\PageDataSource.cpp)
     1>c:\ws\mlearning\icontrols\datasource\pagedatasource.h(36): warning C4453: 'Windows::UI::Xaml::Media::Imaging::BitmapImage' : A '[WebHostHidden]' type should not be used on the published surface of a public type that is not '[WebHostHidden]' (DataSource\BindableBase.cpp)
     1>c:\ws\mlearning\icontrols\datasource\pagedatasource.h(42): warning C4453: 'Windows::UI::Xaml::Media::Imaging::BitmapImage' : A '[WebHostHidden]' type should not be used on the published surface of a public type that is not '[WebHostHidden]' (DataSource\BindableBase.cpp)
     1>c:\ws\mlearning\icontrols\datasource\chapterdatasource.h(60): warning C4453: 'Windows::UI::Xaml::Media::Imaging::BitmapImage' : A '[WebHostHidden]' type should not be used on the published surface of a public type that is not '[WebHostHidden]' (DataSource\PageDataSource.cpp)
     1>c:\ws\mlearning\icontrols\datasource\chapterdatasource.h(66): warning C4453: 'Windows::UI::Xaml::Media::Imaging::BitmapImage' : A '[WebHostHidden]' type should not be used on the published surface of a public type that is not '[WebHostHidden]' (DataSource\PageDataSource.cpp)
     1>c:\ws\mlearning\icontrols\datasource\chapterdatasource.h(60): warning C4453: 'Windows::UI::Xaml::Media::Imaging::BitmapImage' : A '[WebHostHidden]' type should not be used on the published surface of a public type that is not '[WebHostHidden]' (DataSource\BindableBase.cpp)
     1>c:\ws\mlearning\icontrols\datasource\chapterdatasource.h(66): warning C4453: 'Windows::UI::Xaml::Media::Imaging::BitmapImage' : A '[WebHostHidden]' type should not be used on the published surface of a public type that is not '[WebHostHidden]' (DataSource\BindableBase.cpp)
     1>c:\ws\mlearning\icontrols\stackview\istackitem.h(122): warning C4453: 'Windows::UI::Xaml::Media::CompositeTransform' : A '[WebHostHidden]' type should not be used on the published surface of a public type that is not '[WebHostHidden]' (DataSource\PageDataSource.cpp)
     1>c:\ws\mlearning\icontrols\stackview\istackitem.h(123): warning C4453: 'Windows::UI::Xaml::Media::CompositeTransform' : A '[WebHostHidden]' type should not be used on the published surface of a public type that is not '[WebHostHidden]' (DataSource\PageDataSource.cpp)
     1>c:\ws\mlearning\icontrols\stackview\istackitem.h(122): warning C4453: 'Windows::UI::Xaml::Media::CompositeTransform' : A '[WebHostHidden]' type should not be used on the published surface of a public type that is not '[WebHostHidden]' (DataSource\BindableBase.cpp)
     1>c:\ws\mlearning\icontrols\stackview\istackitem.h(123): warning C4453: 'Windows::UI::Xaml::Media::CompositeTransform' : A '[WebHostHidden]' type should not be used on the published surface of a public type that is not '[WebHostHidden]' (DataSource\BindableBase.cpp)
     1>c:\ws\mlearning\icontrols\reader\verticalelement.h(12): warning C4453: 'Windows::UI::Xaml::Data::PropertyChangedEventHandler' : A '[WebHostHidden]' type should not be used on the published surface of a public type that is not '[WebHostHidden]' (DataSource\PageDataSource.cpp)
     1>c:\ws\mlearning\icontrols\reader\verticalelement.h(12): warning C4453: 'Windows::UI::Xaml::Data::PropertyChangedEventHandler' : A '[WebHostHidden]' type should not be used on the published surface of a public type that is not '[WebHostHidden]' (DataSource\BindableBase.cpp)
     1>c:\ws\mlearning\icontrols\reader\verticalpagedscroll.h(12): warning C4453: 'Windows::UI::Xaml::Data::PropertyChangedEventHandler' : A '[WebHostHidden]' type should not be used on the published surface of a public type that is not '[WebHostHidden]' (DataSource\PageDataSource.cpp)
     1>c:\ws\mlearning\icontrols\reader\verticalpagedscroll.h(12): warning C4453: 'Windows::UI::Xaml::Data::PropertyChangedEventHandler' : A '[WebHostHidden]' type should not be used on the published surface of a public type that is not '[WebHostHidden]' (DataSource\BindableBase.cpp)
         VerticalElement.cpp
         VerticalPagedScroll.cpp
     1>c:\ws\mlearning\icontrols\datasource\pagedatasource.h(36): warning C4453: 'Windows::UI::Xaml::Media::Imaging::BitmapImage' : A '[WebHostHidden]' type should not be used on the published surface of a public type that is not '[WebHostHidden]' (DataSource\ChapterDataSource.cpp)
     1>c:\ws\mlearning\icontrols\datasource\pagedatasource.h(42): warning C4453: 'Windows::UI::Xaml::Media::Imaging::BitmapImage' : A '[WebHostHidden]' type should not be used on the published surface of a public type that is not '[WebHostHidden]' (DataSource\ChapterDataSource.cpp)
     1>c:\ws\mlearning\icontrols\datasource\chapterdatasource.h(60): warning C4453: 'Windows::UI::Xaml::Media::Imaging::BitmapImage' : A '[WebHostHidden]' type should not be used on the published surface of a public type that is not '[WebHostHidden]' (DataSource\ChapterDataSource.cpp)
     1>c:\ws\mlearning\icontrols\datasource\chapterdatasource.h(66): warning C4453: 'Windows::UI::Xaml::Media::Imaging::BitmapImage' : A '[WebHostHidden]' type should not be used on the published surface of a public type that is not '[WebHostHidden]' (DataSource\ChapterDataSource.cpp)
     1>c:\ws\mlearning\icontrols\stackview\istackitem.h(122): warning C4453: 'Windows::UI::Xaml::Media::CompositeTransform' : A '[WebHostHidden]' type should not be used on the published surface of a public type that is not '[WebHostHidden]' (DataSource\ChapterDataSource.cpp)
     1>c:\ws\mlearning\icontrols\stackview\istackitem.h(123): warning C4453: 'Windows::UI::Xaml::Media::CompositeTransform' : A '[WebHostHidden]' type should not be used on the published surface of a public type that is not '[WebHostHidden]' (DataSource\ChapterDataSource.cpp)
     1>c:\ws\mlearning\icontrols\reader\verticalelement.h(12): warning C4453: 'Windows::UI::Xaml::Data::PropertyChangedEventHandler' : A '[WebHostHidden]' type should not be used on the published surface of a public type that is not '[WebHostHidden]' (DataSource\ChapterDataSource.cpp)
     1>c:\ws\mlearning\icontrols\datasource\pagedatasource.h(36): warning C4453: 'Windows::UI::Xaml::Media::Imaging::BitmapImage' : A '[WebHostHidden]' type should not be used on the published surface of a public type that is not '[WebHostHidden]' (DataSource\SectionDataSource.cpp)
     1>c:\ws\mlearning\icontrols\datasource\pagedatasource.h(42): warning C4453: 'Windows::UI::Xaml::Media::Imaging::BitmapImage' : A '[WebHostHidden]' type should not be used on the published surface of a public type that is not '[WebHostHidden]' (DataSource\SectionDataSource.cpp)
     1>c:\ws\mlearning\icontrols\reader\verticalpagedscroll.h(12): warning C4453: 'Windows::UI::Xaml::Data::PropertyChangedEventHandler' : A '[WebHostHidden]' type should not be used on the published surface of a public type that is not '[WebHostHidden]' (DataSource\ChapterDataSource.cpp)
     1>c:\ws\mlearning\icontrols\datasource\chapterdatasource.h(60): warning C4453: 'Windows::UI::Xaml::Media::Imaging::BitmapImage' : A '[WebHostHidden]' type should not be used on the published surface of a public type that is not '[WebHostHidden]' (DataSource\SectionDataSource.cpp)
     1>c:\ws\mlearning\icontrols\datasource\chapterdatasource.h(66): warning C4453: 'Windows::UI::Xaml::Media::Imaging::BitmapImage' : A '[WebHostHidden]' type should not be used on the published surface of a public type that is not '[WebHostHidden]' (DataSource\SectionDataSource.cpp)
     1>c:\ws\mlearning\icontrols\stackview\istackitem.h(122): warning C4453: 'Windows::UI::Xaml::Media::CompositeTransform' : A '[WebHostHidden]' type should not be used on the published surface of a public type that is not '[WebHostHidden]' (DataSource\SectionDataSource.cpp)
     1>c:\ws\mlearning\icontrols\stackview\istackitem.h(123): warning C4453: 'Windows::UI::Xaml::Media::CompositeTransform' : A '[WebHostHidden]' type should not be used on the published surface of a public type that is not '[WebHostHidden]' (DataSource\SectionDataSource.cpp)
     1>c:\ws\mlearning\icontrols\reader\verticalelement.h(12): warning C4453: 'Windows::UI::Xaml::Data::PropertyChangedEventHandler' : A '[WebHostHidden]' type should not be used on the published surface of a public type that is not '[WebHostHidden]' (DataSource\SectionDataSource.cpp)
     1>c:\ws\mlearning\icontrols\reader\verticalpagedscroll.h(12): warning C4453: 'Windows::UI::Xaml::Data::PropertyChangedEventHandler' : A '[WebHostHidden]' type should not be used on the published surface of a public type that is not '[WebHostHidden]' (DataSource\SectionDataSource.cpp)
     1>c:\ws\mlearning\icontrols\datasource\pagedatasource.h(36): warning C4453: 'Windows::UI::Xaml::Media::Imaging::BitmapImage' : A '[WebHostHidden]' type should not be used on the published surface of a public type that is not '[WebHostHidden]' (DataSource\BookDataSource.cpp)
     1>c:\ws\mlearning\icontrols\datasource\pagedatasource.h(42): warning C4453: 'Windows::UI::Xaml::Media::Imaging::BitmapImage' : A '[WebHostHidden]' type should not be used on the published surface of a public type that is not '[WebHostHidden]' (DataSource\BookDataSource.cpp)
     1>c:\ws\mlearning\icontrols\datasource\chapterdatasource.h(60): warning C4453: 'Windows::UI::Xaml::Media::Imaging::BitmapImage' : A '[WebHostHidden]' type should not be used on the published surface of a public type that is not '[WebHostHidden]' (DataSource\BookDataSource.cpp)
     1>c:\ws\mlearning\icontrols\datasource\chapterdatasource.h(66): warning C4453: 'Windows::UI::Xaml::Media::Imaging::BitmapImage' : A '[WebHostHidden]' type should not be used on the published surface of a public type that is not '[WebHostHidden]' (DataSource\BookDataSource.cpp)
     1>c:\ws\mlearning\icontrols\stackview\istackitem.h(122): warning C4453: 'Windows::UI::Xaml::Media::CompositeTransform' : A '[WebHostHidden]' type should not be used on the published surface of a public type that is not '[WebHostHidden]' (DataSource\BookDataSource.cpp)
     1>c:\ws\mlearning\icontrols\stackview\istackitem.h(123): warning C4453: 'Windows::UI::Xaml::Media::CompositeTransform' : A '[WebHostHidden]' type should not be used on the published surface of a public type that is not '[WebHostHidden]' (DataSource\BookDataSource.cpp)
     1>c:\ws\mlearning\icontrols\datasource\pagedatasource.h(36): warning C4453: 'Windows::UI::Xaml::Media::Imaging::BitmapImage' : A '[WebHostHidden]' type should not be used on the published surface of a public type that is not '[WebHostHidden]' (Components\ChapterHeaderControl.cpp)
     1>c:\ws\mlearning\icontrols\datasource\pagedatasource.h(42): warning C4453: 'Windows::UI::Xaml::Media::Imaging::BitmapImage' : A '[WebHostHidden]' type should not be used on the published surface of a public type that is not '[WebHostHidden]' (Components\ChapterHeaderControl.cpp)
     1>c:\ws\mlearning\icontrols\reader\verticalelement.h(12): warning C4453: 'Windows::UI::Xaml::Data::PropertyChangedEventHandler' : A '[WebHostHidden]' type should not be used on the published surface of a public type that is not '[WebHostHidden]' (DataSource\BookDataSource.cpp)
     1>c:\ws\mlearning\icontrols\datasource\chapterdatasource.h(60): warning C4453: 'Windows::UI::Xaml::Media::Imaging::BitmapImage' : A '[WebHostHidden]' type should not be used on the published surface of a public type that is not '[WebHostHidden]' (Components\ChapterHeaderControl.cpp)
     1>c:\ws\mlearning\icontrols\datasource\chapterdatasource.h(66): warning C4453: 'Windows::UI::Xaml::Media::Imaging::BitmapImage' : A '[WebHostHidden]' type should not be used on the published surface of a public type that is not '[WebHostHidden]' (Components\ChapterHeaderControl.cpp)
     1>c:\ws\mlearning\icontrols\reader\verticalpagedscroll.h(12): warning C4453: 'Windows::UI::Xaml::Data::PropertyChangedEventHandler' : A '[WebHostHidden]' type should not be used on the published surface of a public type that is not '[WebHostHidden]' (DataSource\BookDataSource.cpp)
     1>c:\ws\mlearning\icontrols\stackview\istackitem.h(122): warning C4453: 'Windows::UI::Xaml::Media::CompositeTransform' : A '[WebHostHidden]' type should not be used on the published surface of a public type that is not '[WebHostHidden]' (Components\ChapterHeaderControl.cpp)
     1>c:\ws\mlearning\icontrols\stackview\istackitem.h(123): warning C4453: 'Windows::UI::Xaml::Media::CompositeTransform' : A '[WebHostHidden]' type should not be used on the published surface of a public type that is not '[WebHostHidden]' (Components\ChapterHeaderControl.cpp)
     1>c:\ws\mlearning\icontrols\reader\verticalelement.h(12): warning C4453: 'Windows::UI::Xaml::Data::PropertyChangedEventHandler' : A '[WebHostHidden]' type should not be used on the published surface of a public type that is not '[WebHostHidden]' (Components\ChapterHeaderControl.cpp)
     1>c:\ws\mlearning\icontrols\reader\verticalpagedscroll.h(12): warning C4453: 'Windows::UI::Xaml::Data::PropertyChangedEventHandler' : A '[WebHostHidden]' type should not be used on the published surface of a public type that is not '[WebHostHidden]' (Components\ChapterHeaderControl.cpp)
     1>c:\ws\mlearning\icontrols\datasource\pagedatasource.h(36): warning C4453: 'Windows::UI::Xaml::Media::Imaging::BitmapImage' : A '[WebHostHidden]' type should not be used on the published surface of a public type that is not '[WebHostHidden]' (Components\ControlDownMenu.cpp)
     1>c:\ws\mlearning\icontrols\datasource\pagedatasource.h(42): warning C4453: 'Windows::UI::Xaml::Media::Imaging::BitmapImage' : A '[WebHostHidden]' type should not be used on the published surface of a public type that is not '[WebHostHidden]' (Components\ControlDownMenu.cpp)
     1>c:\ws\mlearning\icontrols\datasource\chapterdatasource.h(60): warning C4453: 'Windows::UI::Xaml::Media::Imaging::BitmapImage' : A '[WebHostHidden]' type should not be used on the published surface of a public type that is not '[WebHostHidden]' (Components\ControlDownMenu.cpp)
     1>c:\ws\mlearning\icontrols\datasource\chapterdatasource.h(66): warning C4453: 'Windows::UI::Xaml::Media::Imaging::BitmapImage' : A '[WebHostHidden]' type should not be used on the published surface of a public type that is not '[WebHostHidden]' (Components\ControlDownMenu.cpp)
     1>c:\ws\mlearning\icontrols\stackview\istackitem.h(122): warning C4453: 'Windows::UI::Xaml::Media::CompositeTransform' : A '[WebHostHidden]' type should not be used on the published surface of a public type that is not '[WebHostHidden]' (Components\ControlDownMenu.cpp)
     1>c:\ws\mlearning\icontrols\stackview\istackitem.h(123): warning C4453: 'Windows::UI::Xaml::Media::CompositeTransform' : A '[WebHostHidden]' type should not be used on the published surface of a public type that is not '[WebHostHidden]' (Components\ControlDownMenu.cpp)
     1>c:\ws\mlearning\icontrols\reader\verticalelement.h(12): warning C4453: 'Windows::UI::Xaml::Data::PropertyChangedEventHandler' : A '[WebHostHidden]' type should not be used on the published surface of a public type that is not '[WebHostHidden]' (Components\ControlDownMenu.cpp)
     1>c:\ws\mlearning\icontrols\reader\verticalpagedscroll.h(12): warning C4453: 'Windows::UI::Xaml::Data::PropertyChangedEventHandler' : A '[WebHostHidden]' type should not be used on the published surface of a public type that is not '[WebHostHidden]' (Components\ControlDownMenu.cpp)
     1>c:\ws\mlearning\icontrols\datasource\pagedatasource.h(36): warning C4453: 'Windows::UI::Xaml::Media::Imaging::BitmapImage' : A '[WebHostHidden]' type should not be used on the published surface of a public type that is not '[WebHostHidden]' (Components\ControlDownElement.cpp)
     1>c:\ws\mlearning\icontrols\datasource\pagedatasource.h(42): warning C4453: 'Windows::UI::Xaml::Media::Imaging::BitmapImage' : A '[WebHostHidden]' type should not be used on the published surface of a public type that is not '[WebHostHidden]' (Components\ControlDownElement.cpp)
     1>c:\ws\mlearning\icontrols\datasource\chapterdatasource.h(60): warning C4453: 'Windows::UI::Xaml::Media::Imaging::BitmapImage' : A '[WebHostHidden]' type should not be used on the published surface of a public type that is not '[WebHostHidden]' (Components\ControlDownElement.cpp)
     1>c:\ws\mlearning\icontrols\datasource\chapterdatasource.h(66): warning C4453: 'Windows::UI::Xaml::Media::Imaging::BitmapImage' : A '[WebHostHidden]' type should not be used on the published surface of a public type that is not '[WebHostHidden]' (Components\ControlDownElement.cpp)
     1>c:\ws\mlearning\icontrols\stackview\istackitem.h(122): warning C4453: 'Windows::UI::Xaml::Media::CompositeTransform' : A '[WebHostHidden]' type should not be used on the published surface of a public type that is not '[WebHostHidden]' (Components\ControlDownElement.cpp)
     1>c:\ws\mlearning\icontrols\stackview\istackitem.h(123): warning C4453: 'Windows::UI::Xaml::Media::CompositeTransform' : A '[WebHostHidden]' type should not be used on the published surface of a public type that is not '[WebHostHidden]' (Components\ControlDownElement.cpp)
     1>c:\ws\mlearning\icontrols\reader\verticalelement.h(12): warning C4453: 'Windows::UI::Xaml::Data::PropertyChangedEventHandler' : A '[WebHostHidden]' type should not be used on the published surface of a public type that is not '[WebHostHidden]' (Components\ControlDownElement.cpp)
     1>c:\ws\mlearning\icontrols\reader\verticalpagedscroll.h(12): warning C4453: 'Windows::UI::Xaml::Data::PropertyChangedEventHandler' : A '[WebHostHidden]' type should not be used on the published surface of a public type that is not '[WebHostHidden]' (Components\ControlDownElement.cpp)
         IGroupList.cpp
         IStackItem.cpp
     1>c:\ws\mlearning\icontrols\datasource\pagedatasource.h(36): warning C4453: 'Windows::UI::Xaml::Media::Imaging::BitmapImage' : A '[WebHostHidden]' type should not be used on the published surface of a public type that is not '[WebHostHidden]' (Reader\VerticalElement.cpp)
     1>c:\ws\mlearning\icontrols\datasource\pagedatasource.h(42): warning C4453: 'Windows::UI::Xaml::Media::Imaging::BitmapImage' : A '[WebHostHidden]' type should not be used on the published surface of a public type that is not '[WebHostHidden]' (Reader\VerticalElement.cpp)
     1>c:\ws\mlearning\icontrols\datasource\chapterdatasource.h(60): warning C4453: 'Windows::UI::Xaml::Media::Imaging::BitmapImage' : A '[WebHostHidden]' type should not be used on the published surface of a public type that is not '[WebHostHidden]' (Reader\VerticalElement.cpp)
     1>c:\ws\mlearning\icontrols\datasource\chapterdatasource.h(66): warning C4453: 'Windows::UI::Xaml::Media::Imaging::BitmapImage' : A '[WebHostHidden]' type should not be used on the published surface of a public type that is not '[WebHostHidden]' (Reader\VerticalElement.cpp)
     1>c:\ws\mlearning\icontrols\stackview\istackitem.h(122): warning C4453: 'Windows::UI::Xaml::Media::CompositeTransform' : A '[WebHostHidden]' type should not be used on the published surface of a public type that is not '[WebHostHidden]' (Reader\VerticalElement.cpp)
     1>c:\ws\mlearning\icontrols\stackview\istackitem.h(123): warning C4453: 'Windows::UI::Xaml::Media::CompositeTransform' : A '[WebHostHidden]' type should not be used on the published surface of a public type that is not '[WebHostHidden]' (Reader\VerticalElement.cpp)
         IStackList.cpp
     1>c:\ws\mlearning\icontrols\reader\verticalelement.h(12): warning C4453: 'Windows::UI::Xaml::Data::PropertyChangedEventHandler' : A '[WebHostHidden]' type should not be used on the published surface of a public type that is not '[WebHostHidden]' (Reader\VerticalElement.cpp)
     1>c:\ws\mlearning\icontrols\reader\verticalpagedscroll.h(12): warning C4453: 'Windows::UI::Xaml::Data::PropertyChangedEventHandler' : A '[WebHostHidden]' type should not be used on the published surface of a public type that is not '[WebHostHidden]' (Reader\VerticalElement.cpp)
     1>c:\ws\mlearning\icontrols\datasource\pagedatasource.h(36): warning C4453: 'Windows::UI::Xaml::Media::Imaging::BitmapImage' : A '[WebHostHidden]' type should not be used on the published surface of a public type that is not '[WebHostHidden]' (Reader\VerticalPagedScroll.cpp)
     1>c:\ws\mlearning\icontrols\datasource\pagedatasource.h(42): warning C4453: 'Windows::UI::Xaml::Media::Imaging::BitmapImage' : A '[WebHostHidden]' type should not be used on the published surface of a public type that is not '[WebHostHidden]' (Reader\VerticalPagedScroll.cpp)
     1>c:\ws\mlearning\icontrols\datasource\chapterdatasource.h(60): warning C4453: 'Windows::UI::Xaml::Media::Imaging::BitmapImage' : A '[WebHostHidden]' type should not be used on the published surface of a public type that is not '[WebHostHidden]' (Reader\VerticalPagedScroll.cpp)
     1>c:\ws\mlearning\icontrols\datasource\chapterdatasource.h(66): warning C4453: 'Windows::UI::Xaml::Media::Imaging::BitmapImage' : A '[WebHostHidden]' type should not be used on the published surface of a public type that is not '[WebHostHidden]' (Reader\VerticalPagedScroll.cpp)
     1>c:\ws\mlearning\icontrols\stackview\istackitem.h(122): warning C4453: 'Windows::UI::Xaml::Media::CompositeTransform' : A '[WebHostHidden]' type should not be used on the published surface of a public type that is not '[WebHostHidden]' (Reader\VerticalPagedScroll.cpp)
     1>c:\ws\mlearning\icontrols\stackview\istackitem.h(123): warning C4453: 'Windows::UI::Xaml::Media::CompositeTransform' : A '[WebHostHidden]' type should not be used on the published surface of a public type that is not '[WebHostHidden]' (Reader\VerticalPagedScroll.cpp)
     1>c:\ws\mlearning\icontrols\reader\verticalelement.h(12): warning C4453: 'Windows::UI::Xaml::Data::PropertyChangedEventHandler' : A '[WebHostHidden]' type should not be used on the published surface of a public type that is not '[WebHostHidden]' (Reader\VerticalPagedScroll.cpp)
     1>c:\ws\mlearning\icontrols\reader\verticalpagedscroll.h(12): warning C4453: 'Windows::UI::Xaml::Data::PropertyChangedEventHandler' : A '[WebHostHidden]' type should not be used on the published surface of a public type that is not '[WebHostHidden]' (Reader\VerticalPagedScroll.cpp)
         IStackView.cpp
     1>c:\ws\mlearning\icontrols\stackview\igrouplist.cpp(392): warning C4018: '<' : signed/unsigned mismatch
     1>c:\ws\mlearning\icontrols\datasource\pagedatasource.h(36): warning C4453: 'Windows::UI::Xaml::Media::Imaging::BitmapImage' : A '[WebHostHidden]' type should not be used on the published surface of a public type that is not '[WebHostHidden]' (StackView\IStackItem.cpp)
     1>c:\ws\mlearning\icontrols\datasource\pagedatasource.h(42): warning C4453: 'Windows::UI::Xaml::Media::Imaging::BitmapImage' : A '[WebHostHidden]' type should not be used on the published surface of a public type that is not '[WebHostHidden]' (StackView\IStackItem.cpp)
     1>c:\ws\mlearning\icontrols\datasource\chapterdatasource.h(60): warning C4453: 'Windows::UI::Xaml::Media::Imaging::BitmapImage' : A '[WebHostHidden]' type should not be used on the published surface of a public type that is not '[WebHostHidden]' (StackView\IStackItem.cpp)
     1>c:\ws\mlearning\icontrols\datasource\chapterdatasource.h(66): warning C4453: 'Windows::UI::Xaml::Media::Imaging::BitmapImage' : A '[WebHostHidden]' type should not be used on the published surface of a public type that is not '[WebHostHidden]' (StackView\IStackItem.cpp)
     1>c:\ws\mlearning\icontrols\stackview\istackitem.h(122): warning C4453: 'Windows::UI::Xaml::Media::CompositeTransform' : A '[WebHostHidden]' type should not be used on the published surface of a public type that is not '[WebHostHidden]' (StackView\IStackItem.cpp)
     1>c:\ws\mlearning\icontrols\stackview\istackitem.h(123): warning C4453: 'Windows::UI::Xaml::Media::CompositeTransform' : A '[WebHostHidden]' type should not be used on the published surface of a public type that is not '[WebHostHidden]' (StackView\IStackItem.cpp)
     1>c:\ws\mlearning\icontrols\reader\verticalelement.h(12): warning C4453: 'Windows::UI::Xaml::Data::PropertyChangedEventHandler' : A '[WebHostHidden]' type should not be used on the published surface of a public type that is not '[WebHostHidden]' (StackView\IStackItem.cpp)
     1>c:\ws\mlearning\icontrols\reader\verticalpagedscroll.h(12): warning C4453: 'Windows::UI::Xaml::Data::PropertyChangedEventHandler' : A '[WebHostHidden]' type should not be used on the published surface of a public type that is not '[WebHostHidden]' (StackView\IStackItem.cpp)
     1>c:\ws\mlearning\icontrols\datasource\pagedatasource.h(36): warning C4453: 'Windows::UI::Xaml::Media::Imaging::BitmapImage' : A '[WebHostHidden]' type should not be used on the published surface of a public type that is not '[WebHostHidden]' (StackView\IStackList.cpp)
     1>c:\ws\mlearning\icontrols\datasource\pagedatasource.h(42): warning C4453: 'Windows::UI::Xaml::Media::Imaging::BitmapImage' : A '[WebHostHidden]' type should not be used on the published surface of a public type that is not '[WebHostHidden]' (StackView\IStackList.cpp)
     1>c:\ws\mlearning\icontrols\datasource\chapterdatasource.h(60): warning C4453: 'Windows::UI::Xaml::Media::Imaging::BitmapImage' : A '[WebHostHidden]' type should not be used on the published surface of a public type that is not '[WebHostHidden]' (StackView\IStackList.cpp)
     1>c:\ws\mlearning\icontrols\datasource\chapterdatasource.h(66): warning C4453: 'Windows::UI::Xaml::Media::Imaging::BitmapImage' : A '[WebHostHidden]' type should not be used on the published surface of a public type that is not '[WebHostHidden]' (StackView\IStackList.cpp)
     1>c:\ws\mlearning\icontrols\stackview\istackitem.h(122): warning C4453: 'Windows::UI::Xaml::Media::CompositeTransform' : A '[WebHostHidden]' type should not be used on the published surface of a public type that is not '[WebHostHidden]' (StackView\IStackList.cpp)
     1>c:\ws\mlearning\icontrols\stackview\istackitem.h(123): warning C4453: 'Windows::UI::Xaml::Media::CompositeTransform' : A '[WebHostHidden]' type should not be used on the published surface of a public type that is not '[WebHostHidden]' (StackView\IStackList.cpp)
     1>c:\ws\mlearning\icontrols\reader\verticalelement.h(12): warning C4453: 'Windows::UI::Xaml::Data::PropertyChangedEventHandler' : A '[WebHostHidden]' type should not be used on the published surface of a public type that is not '[WebHostHidden]' (StackView\IStackList.cpp)
     1>c:\ws\mlearning\icontrols\reader\verticalpagedscroll.h(12): warning C4453: 'Windows::UI::Xaml::Data::PropertyChangedEventHandler' : A '[WebHostHidden]' type should not be used on the published surface of a public type that is not '[WebHostHidden]' (StackView\IStackList.cpp)
     1>c:\ws\mlearning\icontrols\datasource\pagedatasource.h(36): warning C4453: 'Windows::UI::Xaml::Media::Imaging::BitmapImage' : A '[WebHostHidden]' type should not be used on the published surface of a public type that is not '[WebHostHidden]' (StackView\IStackView.cpp)
     1>c:\ws\mlearning\icontrols\datasource\pagedatasource.h(36): warning C4453: 'Windows::UI::Xaml::Media::Imaging::BitmapImage' : A '[WebHostHidden]' type should not be used on the published surface of a public type that is not '[WebHostHidden]' (StackView\IGroupList.cpp)
     1>c:\ws\mlearning\icontrols\datasource\pagedatasource.h(42): warning C4453: 'Windows::UI::Xaml::Media::Imaging::BitmapImage' : A '[WebHostHidden]' type should not be used on the published surface of a public type that is not '[WebHostHidden]' (StackView\IStackView.cpp)
     1>c:\ws\mlearning\icontrols\datasource\pagedatasource.h(42): warning C4453: 'Windows::UI::Xaml::Media::Imaging::BitmapImage' : A '[WebHostHidden]' type should not be used on the published surface of a public type that is not '[WebHostHidden]' (StackView\IGroupList.cpp)
     1>c:\ws\mlearning\icontrols\datasource\chapterdatasource.h(60): warning C4453: 'Windows::UI::Xaml::Media::Imaging::BitmapImage' : A '[WebHostHidden]' type should not be used on the published surface of a public type that is not '[WebHostHidden]' (StackView\IStackView.cpp)
     1>c:\ws\mlearning\icontrols\datasource\chapterdatasource.h(66): warning C4453: 'Windows::UI::Xaml::Media::Imaging::BitmapImage' : A '[WebHostHidden]' type should not be used on the published surface of a public type that is not '[WebHostHidden]' (StackView\IStackView.cpp)
     1>c:\ws\mlearning\icontrols\datasource\chapterdatasource.h(60): warning C4453: 'Windows::UI::Xaml::Media::Imaging::BitmapImage' : A '[WebHostHidden]' type should not be used on the published surface of a public type that is not '[WebHostHidden]' (StackView\IGroupList.cpp)
     1>c:\ws\mlearning\icontrols\datasource\chapterdatasource.h(66): warning C4453: 'Windows::UI::Xaml::Media::Imaging::BitmapImage' : A '[WebHostHidden]' type should not be used on the published surface of a public type that is not '[WebHostHidden]' (StackView\IGroupList.cpp)
     1>c:\ws\mlearning\icontrols\stackview\istackitem.h(122): warning C4453: 'Windows::UI::Xaml::Media::CompositeTransform' : A '[WebHostHidden]' type should not be used on the published surface of a public type that is not '[WebHostHidden]' (StackView\IStackView.cpp)
     1>c:\ws\mlearning\icontrols\stackview\istackitem.h(123): warning C4453: 'Windows::UI::Xaml::Media::CompositeTransform' : A '[WebHostHidden]' type should not be used on the published surface of a public type that is not '[WebHostHidden]' (StackView\IStackView.cpp)
     1>c:\ws\mlearning\icontrols\stackview\istackitem.h(122): warning C4453: 'Windows::UI::Xaml::Media::CompositeTransform' : A '[WebHostHidden]' type should not be used on the published surface of a public type that is not '[WebHostHidden]' (StackView\IGroupList.cpp)
     1>c:\ws\mlearning\icontrols\stackview\istackitem.h(123): warning C4453: 'Windows::UI::Xaml::Media::CompositeTransform' : A '[WebHostHidden]' type should not be used on the published surface of a public type that is not '[WebHostHidden]' (StackView\IGroupList.cpp)
     1>c:\ws\mlearning\icontrols\reader\verticalelement.h(12): warning C4453: 'Windows::UI::Xaml::Data::PropertyChangedEventHandler' : A '[WebHostHidden]' type should not be used on the published surface of a public type that is not '[WebHostHidden]' (StackView\IStackView.cpp)
     1>c:\ws\mlearning\icontrols\reader\verticalelement.h(12): warning C4453: 'Windows::UI::Xaml::Data::PropertyChangedEventHandler' : A '[WebHostHidden]' type should not be used on the published surface of a public type that is not '[WebHostHidden]' (StackView\IGroupList.cpp)
     1>c:\ws\mlearning\icontrols\reader\verticalpagedscroll.h(12): warning C4453: 'Windows::UI::Xaml::Data::PropertyChangedEventHandler' : A '[WebHostHidden]' type should not be used on the published surface of a public type that is not '[WebHostHidden]' (StackView\IStackView.cpp)
     1>c:\ws\mlearning\icontrols\reader\verticalpagedscroll.h(12): warning C4453: 'Windows::UI::Xaml::Data::PropertyChangedEventHandler' : A '[WebHostHidden]' type should not be used on the published surface of a public type that is not '[WebHostHidden]' (StackView\IGroupList.cpp)
       Link:
         C:\Program Files (x86)\Microsoft Visual Studio 12.0\VC\bin\link.exe /ERRORREPORT:PROMPT /OUT:"C:\ws\MLearning\Debug\IControls\IControls.dll" /INCREMENTAL /NOLOGO runtimeobject.lib kernel32.lib /MANIFEST:NO /DEBUG /PDB:"C:\ws\MLearning\Debug\IControls\IControls.pdb" /SUBSYSTEM:CONSOLE /TLBID:1 /APPCONTAINER /WINMD /WINMDFILE:"C:\ws\MLearning\Debug\IControls\IControls.winmd" /DYNAMICBASE /NXCOMPAT /MACHINE:X86 /DLL Debug\ChapterHeaderControl.obj
         Debug\ControlDownElement.obj
         Debug\ControlDownMenu.obj
         Debug\BindableBase.obj
         Debug\BookDataSource.obj
         Debug\ChapterDataSource.obj
         Debug\PageDataSource.obj
         Debug\SectionDataSource.obj
         Debug\pch.obj
         Debug\VerticalElement.obj
         Debug\VerticalPagedScroll.obj
         Debug\IGroupList.obj
         Debug\IStackItem.obj
         Debug\IStackList.obj
         Debug\IStackView.obj
            Creating library C:\ws\MLearning\Debug\IControls\IControls.lib and object C:\ws\MLearning\Debug\IControls\IControls.exp
         IControls.vcxproj -> C:\ws\MLearning\Debug\IControls\IControls.dll
       _GenerateProjectPriFileCore:
         C:\Program Files (x86)\Windows Kits\8.1\bin\x64\MakePri.exe New -ProjectRoot C:\ws\MLearning\IControls\ -ConfigXml Debug\priconfig.xml -OutputFile C:\ws\MLearning\Debug\IControls\IControls.pri -IndexName IControls -Verbose -Overwrite  
     1>Done Building Project "C:\ws\MLearning\IControls\IControls.vcxproj" (Rebuild target(s)).

Build succeeded.

Time Elapsed 00:00:06.65
